<?xml version="1.0" encoding="UTF-8"?>
<!-- Generated by org.testng.reporters.JUnitXMLReporter -->
<testsuite ignored="0" hostname="ATMECSINLT-1190" failures="0" tests="7" name="Default test" time="24.591" errors="0" timestamp="2022-06-06T16:54:32 IST">
  <testcase classname="seleniumexprog.Webtable" name="goToLink" time="14.143"/>
  <testcase classname="seleniumexprog.Webtable" name="getdata" time="8.556"/>
  <testcase classname="seleniumexprog.Webtable" name="burjkhalifa" time="0.477"/>
  <testcase classname="seleniumexprog.Webtable" name="clocktowerheight" time="0.635"/>
  <testcase classname="seleniumexprog.Webtable" name="taipei101" time="0.33"/>
  <testcase classname="seleniumexprog.Webtable" name="financialcenterheight" time="0.316"/>
  <testcase classname="seleniumexprog.Webtable" name="footersize" time="0.057"/>
</testsuite> <!-- Default test -->
