<?xml version="1.0" encoding="UTF-8"?>
<!-- Generated by org.testng.reporters.JUnitXMLReporter -->
<testsuite ignored="1" hostname="ATMECSINLT-1190" failures="1" tests="1" name="Default test(failed)(failed)" time="0.052" errors="0" timestamp="2022-05-31T10:55:00 IST">
  <testcase classname="seleniumexprog.My_Store_Website" name="searchElement" time="0.013">
    <failure type="java.lang.NullPointerException" message="Cannot invoke &amp;quot;org.openqa.selenium.WebDriver.findElement(org.openqa.selenium.By)&amp;quot; because &amp;quot;this.testSite&amp;quot; is null">
      <![CDATA[java.lang.NullPointerException: Cannot invoke "org.openqa.selenium.WebDriver.findElement(org.openqa.selenium.By)" because "this.testSite" is null
at seleniumexprog.My_Store_Website.searchElement(My_Store_Website.java:30)
at java.base/java.util.ArrayList.forEach(ArrayList.java:1511)
... Removed 27 stack frames]]>
    </failure>
  </testcase> <!-- searchElement -->
  <testcase classname="seleniumexprog.My_Store_Website" name="getsite" time="0.0">
    <ignored/>
  </testcase> <!-- getsite -->
</testsuite> <!-- Default test(failed)(failed) -->
