<?xml version="1.0" encoding="UTF-8"?>
<testng-results ignored="0" total="7" passed="7" failed="0" skipped="0">
  <reporter-output>
  </reporter-output>
  <suite started-at="2022-06-06T16:54:07 IST" name="Default suite" finished-at="2022-06-06T16:54:32 IST" duration-ms="24591">
    <groups>
    </groups>
    <test started-at="2022-06-06T16:54:07 IST" name="Default test" finished-at="2022-06-06T16:54:32 IST" duration-ms="24591">
      <class name="seleniumexprog.Webtable">
        <test-method signature="goToLink()[pri:0, instance:seleniumexprog.Webtable@73e22a3d]" started-at="2022-06-06T16:54:07 IST" name="goToLink" finished-at="2022-06-06T16:54:22 IST" duration-ms="14143" status="PASS">
          <reporter-output>
          </reporter-output>
        </test-method> <!-- goToLink -->
        <test-method signature="getdata()[pri:1, instance:seleniumexprog.Webtable@73e22a3d]" started-at="2022-06-06T16:54:22 IST" name="getdata" finished-at="2022-06-06T16:54:30 IST" duration-ms="8556" status="PASS">
          <reporter-output>
          </reporter-output>
        </test-method> <!-- getdata -->
        <test-method signature="burjkhalifa()[pri:2, instance:seleniumexprog.Webtable@73e22a3d]" started-at="2022-06-06T16:54:30 IST" name="burjkhalifa" finished-at="2022-06-06T16:54:31 IST" duration-ms="477" status="PASS">
          <reporter-output>
          </reporter-output>
        </test-method> <!-- burjkhalifa -->
        <test-method signature="clocktowerheight()[pri:3, instance:seleniumexprog.Webtable@73e22a3d]" started-at="2022-06-06T16:54:31 IST" name="clocktowerheight" finished-at="2022-06-06T16:54:31 IST" duration-ms="635" status="PASS">
          <reporter-output>
          </reporter-output>
        </test-method> <!-- clocktowerheight -->
        <test-method signature="taipei101()[pri:4, instance:seleniumexprog.Webtable@73e22a3d]" started-at="2022-06-06T16:54:31 IST" name="taipei101" finished-at="2022-06-06T16:54:32 IST" duration-ms="330" status="PASS">
          <reporter-output>
          </reporter-output>
        </test-method> <!-- taipei101 -->
        <test-method signature="financialcenterheight()[pri:5, instance:seleniumexprog.Webtable@73e22a3d]" started-at="2022-06-06T16:54:32 IST" name="financialcenterheight" finished-at="2022-06-06T16:54:32 IST" duration-ms="316" status="PASS">
          <reporter-output>
          </reporter-output>
        </test-method> <!-- financialcenterheight -->
        <test-method signature="footersize()[pri:6, instance:seleniumexprog.Webtable@73e22a3d]" started-at="2022-06-06T16:54:32 IST" name="footersize" finished-at="2022-06-06T16:54:32 IST" duration-ms="57" status="PASS">
          <reporter-output>
          </reporter-output>
        </test-method> <!-- footersize -->
      </class> <!-- seleniumexprog.Webtable -->
    </test> <!-- Default test -->
  </suite> <!-- Default suite -->
</testng-results>
